Building DAG of jobs...
Using shell: /usr/bin/bash
Provided cores: 40
Rules claiming more threads will be scaled down.
Job stats:
job                            count
---------------------------  -------
AUCell_direct                      1
AUCell_extended                    1
all                                1
download_genome_annotations        1
eGRN_direct                        1
eGRN_extended                      1
get_search_space                   1
motif_enrichment_cistarget         1
motif_enrichment_dem               1
prepare_GEX_ACC_multiome           1
prepare_menr                       1
region_to_gene                     1
scplus_mudata                      1
tf_to_gene                         1
total                             14

Select jobs to execute...
Execute 1 jobs...

[Tue Sep 24 09:12:37 2024]
localrule motif_enrichment_cistarget:
    input: /mnt/DOSI/EVLAB/BIOINFO/BIOINFO_PROJECT/Lung_Basel/01_ALL_SAMPLES/05_Output/04_SCENICplus_Analysis/04a_fullpy_Step1_py_pycisTopic_Prepro_ATACseq/region_sets, /mnt/DOSI/EVLAB/BIOINFO/BIOINFO_PROJECT/Lung_Basel/01_ALL_SAMPLES/05_Output/04_SCENICplus_Analysis/04c_Step3_Creating_custom_cistarget_database/Tumor_NK_1kb_bg_with_mask.regions_vs_motifs.rankings.feather, /mnt/DOSI/EVLAB/BIOINFO/BIOINFO_PROJECT/Lung_Basel/01_ALL_SAMPLES/01_Reference/Step4_SnakeMake_Database/motifs-v10nr_clust-nr.hgnc-m0.001-o0.0.tbl
    output: /mnt/DOSI/EVLAB/BIOINFO/BIOINFO_PROJECT/Lung_Basel/01_ALL_SAMPLES/05_Output/04_SCENICplus_Analysis/04d_Step4_SnakeMake_Prepare/outs/ctx_results.hdf5, /mnt/DOSI/EVLAB/BIOINFO/BIOINFO_PROJECT/Lung_Basel/01_ALL_SAMPLES/05_Output/04_SCENICplus_Analysis/04d_Step4_SnakeMake_Prepare/outs/ctx_results.html
    jobid: 9
    reason: Missing output files: /mnt/DOSI/EVLAB/BIOINFO/BIOINFO_PROJECT/Lung_Basel/01_ALL_SAMPLES/05_Output/04_SCENICplus_Analysis/04d_Step4_SnakeMake_Prepare/outs/ctx_results.hdf5
    threads: 40
    resources: tmpdir=/tmp

[Tue Sep 24 09:19:52 2024]
Finished job 9.
1 of 14 steps (7%) done
Select jobs to execute...
Execute 2 jobs...

[Tue Sep 24 09:19:52 2024]
localrule prepare_GEX_ACC_multiome:
    input: /mnt/DOSI/EVLAB/BIOINFO/BIOINFO_PROJECT/Lung_Basel/01_ALL_SAMPLES/05_Output/04_SCENICplus_Analysis/04a_fullpy_Step1_py_pycisTopic_Prepro_ATACseq/cistopic_obj.pkl, /mnt/DOSI/EVLAB/BIOINFO/BIOINFO_PROJECT/Lung_Basel/01_ALL_SAMPLES/05_Output/04_SCENICplus_Analysis/04b_Step2_Anndata_Prepro_scRNAseq/adata.h5ad
    output: /mnt/DOSI/EVLAB/BIOINFO/BIOINFO_PROJECT/Lung_Basel/01_ALL_SAMPLES/05_Output/04_SCENICplus_Analysis/04d_Step4_SnakeMake_Prepare/outs/ACC_GEX.h5mu
    jobid: 2
    reason: Missing output files: /mnt/DOSI/EVLAB/BIOINFO/BIOINFO_PROJECT/Lung_Basel/01_ALL_SAMPLES/05_Output/04_SCENICplus_Analysis/04d_Step4_SnakeMake_Prepare/outs/ACC_GEX.h5mu
    resources: tmpdir=/tmp


[Tue Sep 24 09:19:52 2024]
localrule download_genome_annotations:
    output: /mnt/DOSI/EVLAB/BIOINFO/BIOINFO_PROJECT/Lung_Basel/01_ALL_SAMPLES/05_Output/04_SCENICplus_Analysis/04d_Step4_SnakeMake_Prepare/outs/genome_annotation.tsv, /mnt/DOSI/EVLAB/BIOINFO/BIOINFO_PROJECT/Lung_Basel/01_ALL_SAMPLES/05_Output/04_SCENICplus_Analysis/04d_Step4_SnakeMake_Prepare/outs/chromsizes.tsv
    jobid: 8
    reason: Missing output files: /mnt/DOSI/EVLAB/BIOINFO/BIOINFO_PROJECT/Lung_Basel/01_ALL_SAMPLES/05_Output/04_SCENICplus_Analysis/04d_Step4_SnakeMake_Prepare/outs/chromsizes.tsv, /mnt/DOSI/EVLAB/BIOINFO/BIOINFO_PROJECT/Lung_Basel/01_ALL_SAMPLES/05_Output/04_SCENICplus_Analysis/04d_Step4_SnakeMake_Prepare/outs/genome_annotation.tsv
    resources: tmpdir=/tmp

[Tue Sep 24 09:20:52 2024]
Error in rule prepare_GEX_ACC_multiome:
    jobid: 2
    input: /mnt/DOSI/EVLAB/BIOINFO/BIOINFO_PROJECT/Lung_Basel/01_ALL_SAMPLES/05_Output/04_SCENICplus_Analysis/04a_fullpy_Step1_py_pycisTopic_Prepro_ATACseq/cistopic_obj.pkl, /mnt/DOSI/EVLAB/BIOINFO/BIOINFO_PROJECT/Lung_Basel/01_ALL_SAMPLES/05_Output/04_SCENICplus_Analysis/04b_Step2_Anndata_Prepro_scRNAseq/adata.h5ad
    output: /mnt/DOSI/EVLAB/BIOINFO/BIOINFO_PROJECT/Lung_Basel/01_ALL_SAMPLES/05_Output/04_SCENICplus_Analysis/04d_Step4_SnakeMake_Prepare/outs/ACC_GEX.h5mu
    shell:
        
            scenicplus prepare_data prepare_GEX_ACC                 --cisTopic_obj_fname /mnt/DOSI/EVLAB/BIOINFO/BIOINFO_PROJECT/Lung_Basel/01_ALL_SAMPLES/05_Output/04_SCENICplus_Analysis/04a_fullpy_Step1_py_pycisTopic_Prepro_ATACseq/cistopic_obj.pkl                 --GEX_anndata_fname /mnt/DOSI/EVLAB/BIOINFO/BIOINFO_PROJECT/Lung_Basel/01_ALL_SAMPLES/05_Output/04_SCENICplus_Analysis/04b_Step2_Anndata_Prepro_scRNAseq/adata.h5ad                 --out_file /mnt/DOSI/EVLAB/BIOINFO/BIOINFO_PROJECT/Lung_Basel/01_ALL_SAMPLES/05_Output/04_SCENICplus_Analysis/04d_Step4_SnakeMake_Prepare/outs/ACC_GEX.h5mu                 --bc_transform_func "lambda x: f'{x}'"
            
        (one of the commands exited with non-zero exit code; note that snakemake uses bash strict mode!)

[Tue Sep 24 09:20:57 2024]
Finished job 8.
2 of 14 steps (14%) done
Shutting down, this might take some time.
Exiting because a job execution failed. Look above for error message
Complete log: .snakemake/log/2024-09-24T091237.678158.snakemake.log
WorkflowError:
At least one job did not complete successfully.
