Building DAG of jobs...
Using shell: /usr/bin/bash
Provided cores: 40
Rules claiming more threads will be scaled down.
Job stats:
job                            count
---------------------------  -------
AUCell_direct                      1
AUCell_extended                    1
all                                1
download_genome_annotations        1
eGRN_direct                        1
eGRN_extended                      1
get_search_space                   1
motif_enrichment_cistarget         1
motif_enrichment_dem               1
prepare_GEX_ACC_multiome           1
prepare_menr                       1
region_to_gene                     1
scplus_mudata                      1
tf_to_gene                         1
total                             14

Select jobs to execute...
Execute 1 jobs...

[Tue Sep 24 12:07:34 2024]
localrule motif_enrichment_cistarget:
    input: /mnt/DOSI/EVLAB/BIOINFO/BIOINFO_PROJECT/Lung_Basel/01_ALL_SAMPLES/05_Output/04_SCENICplus_Analysis/04a_fullpy_Step1_py_pycisTopic_Prepro_ATACseq/region_sets, /mnt/DOSI/EVLAB/BIOINFO/BIOINFO_PROJECT/Lung_Basel/01_ALL_SAMPLES/05_Output/04_SCENICplus_Analysis/04c_Step3_Creating_custom_cistarget_database/Tumor_NK_1kb_bg_with_mask.regions_vs_motifs.rankings.feather, /mnt/DOSI/EVLAB/BIOINFO/BIOINFO_PROJECT/Lung_Basel/01_ALL_SAMPLES/01_Reference/Step4_SnakeMake_Database/motifs-v10nr_clust-nr.hgnc-m0.001-o0.0.tbl
    output: /mnt/DOSI/EVLAB/BIOINFO/BIOINFO_PROJECT/Lung_Basel/01_ALL_SAMPLES/05_Output/04_SCENICplus_Analysis/04d_Step4_SnakeMake_Prepare/outs/ctx_results.hdf5, /mnt/DOSI/EVLAB/BIOINFO/BIOINFO_PROJECT/Lung_Basel/01_ALL_SAMPLES/05_Output/04_SCENICplus_Analysis/04d_Step4_SnakeMake_Prepare/outs/ctx_results.html
    jobid: 9
    reason: Missing output files: /mnt/DOSI/EVLAB/BIOINFO/BIOINFO_PROJECT/Lung_Basel/01_ALL_SAMPLES/05_Output/04_SCENICplus_Analysis/04d_Step4_SnakeMake_Prepare/outs/ctx_results.hdf5
    threads: 40
    resources: tmpdir=/tmp

[Tue Sep 24 12:15:03 2024]
Finished job 9.
1 of 14 steps (7%) done
Select jobs to execute...
Execute 2 jobs...

[Tue Sep 24 12:15:03 2024]
localrule prepare_GEX_ACC_multiome:
    input: /mnt/DOSI/EVLAB/BIOINFO/BIOINFO_PROJECT/Lung_Basel/01_ALL_SAMPLES/05_Output/04_SCENICplus_Analysis/04a_fullpy_Step1_py_pycisTopic_Prepro_ATACseq/cistopic_obj.pkl, /mnt/DOSI/EVLAB/BIOINFO/BIOINFO_PROJECT/Lung_Basel/01_ALL_SAMPLES/05_Output/04_SCENICplus_Analysis/04b_Step2_Anndata_Prepro_scRNAseq/adata_renamed_subset.h5ad
    output: /mnt/DOSI/EVLAB/BIOINFO/BIOINFO_PROJECT/Lung_Basel/01_ALL_SAMPLES/05_Output/04_SCENICplus_Analysis/04d_Step4_SnakeMake_Prepare/outs/ACC_GEX.h5mu
    jobid: 2
    reason: Missing output files: /mnt/DOSI/EVLAB/BIOINFO/BIOINFO_PROJECT/Lung_Basel/01_ALL_SAMPLES/05_Output/04_SCENICplus_Analysis/04d_Step4_SnakeMake_Prepare/outs/ACC_GEX.h5mu
    resources: tmpdir=/tmp


[Tue Sep 24 12:15:03 2024]
localrule download_genome_annotations:
    output: /mnt/DOSI/EVLAB/BIOINFO/BIOINFO_PROJECT/Lung_Basel/01_ALL_SAMPLES/05_Output/04_SCENICplus_Analysis/04d_Step4_SnakeMake_Prepare/outs/genome_annotation.tsv, /mnt/DOSI/EVLAB/BIOINFO/BIOINFO_PROJECT/Lung_Basel/01_ALL_SAMPLES/05_Output/04_SCENICplus_Analysis/04d_Step4_SnakeMake_Prepare/outs/chromsizes.tsv
    jobid: 8
    reason: Missing output files: /mnt/DOSI/EVLAB/BIOINFO/BIOINFO_PROJECT/Lung_Basel/01_ALL_SAMPLES/05_Output/04_SCENICplus_Analysis/04d_Step4_SnakeMake_Prepare/outs/chromsizes.tsv, /mnt/DOSI/EVLAB/BIOINFO/BIOINFO_PROJECT/Lung_Basel/01_ALL_SAMPLES/05_Output/04_SCENICplus_Analysis/04d_Step4_SnakeMake_Prepare/outs/genome_annotation.tsv
    resources: tmpdir=/tmp

[Tue Sep 24 12:16:23 2024]
Finished job 8.
2 of 14 steps (14%) done
Select jobs to execute...
[Tue Sep 24 12:22:42 2024]
Finished job 2.
3 of 14 steps (21%) done
Execute 1 jobs...

[Tue Sep 24 12:22:45 2024]
localrule get_search_space:
    input: /mnt/DOSI/EVLAB/BIOINFO/BIOINFO_PROJECT/Lung_Basel/01_ALL_SAMPLES/05_Output/04_SCENICplus_Analysis/04d_Step4_SnakeMake_Prepare/outs/ACC_GEX.h5mu, /mnt/DOSI/EVLAB/BIOINFO/BIOINFO_PROJECT/Lung_Basel/01_ALL_SAMPLES/05_Output/04_SCENICplus_Analysis/04d_Step4_SnakeMake_Prepare/outs/genome_annotation.tsv, /mnt/DOSI/EVLAB/BIOINFO/BIOINFO_PROJECT/Lung_Basel/01_ALL_SAMPLES/05_Output/04_SCENICplus_Analysis/04d_Step4_SnakeMake_Prepare/outs/chromsizes.tsv
    output: /mnt/DOSI/EVLAB/BIOINFO/BIOINFO_PROJECT/Lung_Basel/01_ALL_SAMPLES/05_Output/04_SCENICplus_Analysis/04d_Step4_SnakeMake_Prepare/outs/search_space.tsv
    jobid: 11
    reason: Missing output files: /mnt/DOSI/EVLAB/BIOINFO/BIOINFO_PROJECT/Lung_Basel/01_ALL_SAMPLES/05_Output/04_SCENICplus_Analysis/04d_Step4_SnakeMake_Prepare/outs/search_space.tsv; Input files updated by another job: /mnt/DOSI/EVLAB/BIOINFO/BIOINFO_PROJECT/Lung_Basel/01_ALL_SAMPLES/05_Output/04_SCENICplus_Analysis/04d_Step4_SnakeMake_Prepare/outs/chromsizes.tsv, /mnt/DOSI/EVLAB/BIOINFO/BIOINFO_PROJECT/Lung_Basel/01_ALL_SAMPLES/05_Output/04_SCENICplus_Analysis/04d_Step4_SnakeMake_Prepare/outs/ACC_GEX.h5mu, /mnt/DOSI/EVLAB/BIOINFO/BIOINFO_PROJECT/Lung_Basel/01_ALL_SAMPLES/05_Output/04_SCENICplus_Analysis/04d_Step4_SnakeMake_Prepare/outs/genome_annotation.tsv
    resources: tmpdir=/tmp

[Tue Sep 24 12:35:06 2024]
Finished job 11.
4 of 14 steps (29%) done
Select jobs to execute...
Execute 1 jobs...

[Tue Sep 24 12:35:06 2024]
localrule region_to_gene:
    input: /mnt/DOSI/EVLAB/BIOINFO/BIOINFO_PROJECT/Lung_Basel/01_ALL_SAMPLES/05_Output/04_SCENICplus_Analysis/04d_Step4_SnakeMake_Prepare/outs/ACC_GEX.h5mu, /mnt/DOSI/EVLAB/BIOINFO/BIOINFO_PROJECT/Lung_Basel/01_ALL_SAMPLES/05_Output/04_SCENICplus_Analysis/04d_Step4_SnakeMake_Prepare/outs/search_space.tsv
    output: /mnt/DOSI/EVLAB/BIOINFO/BIOINFO_PROJECT/Lung_Basel/01_ALL_SAMPLES/05_Output/04_SCENICplus_Analysis/04d_Step4_SnakeMake_Prepare/outs/region_to_gene_adj.tsv
    jobid: 10
    reason: Missing output files: /mnt/DOSI/EVLAB/BIOINFO/BIOINFO_PROJECT/Lung_Basel/01_ALL_SAMPLES/05_Output/04_SCENICplus_Analysis/04d_Step4_SnakeMake_Prepare/outs/region_to_gene_adj.tsv; Input files updated by another job: /mnt/DOSI/EVLAB/BIOINFO/BIOINFO_PROJECT/Lung_Basel/01_ALL_SAMPLES/05_Output/04_SCENICplus_Analysis/04d_Step4_SnakeMake_Prepare/outs/ACC_GEX.h5mu, /mnt/DOSI/EVLAB/BIOINFO/BIOINFO_PROJECT/Lung_Basel/01_ALL_SAMPLES/05_Output/04_SCENICplus_Analysis/04d_Step4_SnakeMake_Prepare/outs/search_space.tsv
    threads: 40
    resources: tmpdir=/tmp

[Tue Sep 24 15:51:37 2024]
Finished job 10.
5 of 14 steps (36%) done
Select jobs to execute...
Execute 1 jobs...

[Tue Sep 24 15:51:37 2024]
localrule motif_enrichment_dem:
    input: /mnt/DOSI/EVLAB/BIOINFO/BIOINFO_PROJECT/Lung_Basel/01_ALL_SAMPLES/05_Output/04_SCENICplus_Analysis/04a_fullpy_Step1_py_pycisTopic_Prepro_ATACseq/region_sets, /mnt/DOSI/EVLAB/BIOINFO/BIOINFO_PROJECT/Lung_Basel/01_ALL_SAMPLES/05_Output/04_SCENICplus_Analysis/04c_Step3_Creating_custom_cistarget_database/Tumor_NK_1kb_bg_with_mask.regions_vs_motifs.scores.feather, /mnt/DOSI/EVLAB/BIOINFO/BIOINFO_PROJECT/Lung_Basel/01_ALL_SAMPLES/05_Output/04_SCENICplus_Analysis/04d_Step4_SnakeMake_Prepare/outs/genome_annotation.tsv, /mnt/DOSI/EVLAB/BIOINFO/BIOINFO_PROJECT/Lung_Basel/01_ALL_SAMPLES/01_Reference/Step4_SnakeMake_Database/motifs-v10nr_clust-nr.hgnc-m0.001-o0.0.tbl
    output: /mnt/DOSI/EVLAB/BIOINFO/BIOINFO_PROJECT/Lung_Basel/01_ALL_SAMPLES/05_Output/04_SCENICplus_Analysis/04d_Step4_SnakeMake_Prepare/outs/dem_results.hdf5, /mnt/DOSI/EVLAB/BIOINFO/BIOINFO_PROJECT/Lung_Basel/01_ALL_SAMPLES/05_Output/04_SCENICplus_Analysis/04d_Step4_SnakeMake_Prepare/outs/dem_results.html
    jobid: 7
    reason: Missing output files: /mnt/DOSI/EVLAB/BIOINFO/BIOINFO_PROJECT/Lung_Basel/01_ALL_SAMPLES/05_Output/04_SCENICplus_Analysis/04d_Step4_SnakeMake_Prepare/outs/dem_results.hdf5; Input files updated by another job: /mnt/DOSI/EVLAB/BIOINFO/BIOINFO_PROJECT/Lung_Basel/01_ALL_SAMPLES/05_Output/04_SCENICplus_Analysis/04d_Step4_SnakeMake_Prepare/outs/genome_annotation.tsv
    threads: 40
    resources: tmpdir=/tmp

[Tue Sep 24 15:56:05 2024]
Finished job 7.
6 of 14 steps (43%) done
Select jobs to execute...
Execute 1 jobs...

[Tue Sep 24 15:56:05 2024]
localrule prepare_menr:
    input: /mnt/DOSI/EVLAB/BIOINFO/BIOINFO_PROJECT/Lung_Basel/01_ALL_SAMPLES/05_Output/04_SCENICplus_Analysis/04d_Step4_SnakeMake_Prepare/outs/dem_results.hdf5, /mnt/DOSI/EVLAB/BIOINFO/BIOINFO_PROJECT/Lung_Basel/01_ALL_SAMPLES/05_Output/04_SCENICplus_Analysis/04d_Step4_SnakeMake_Prepare/outs/ctx_results.hdf5, /mnt/DOSI/EVLAB/BIOINFO/BIOINFO_PROJECT/Lung_Basel/01_ALL_SAMPLES/05_Output/04_SCENICplus_Analysis/04d_Step4_SnakeMake_Prepare/outs/ACC_GEX.h5mu
    output: /mnt/DOSI/EVLAB/BIOINFO/BIOINFO_PROJECT/Lung_Basel/01_ALL_SAMPLES/05_Output/04_SCENICplus_Analysis/04d_Step4_SnakeMake_Prepare/outs/tf_names.txt, /mnt/DOSI/EVLAB/BIOINFO/BIOINFO_PROJECT/Lung_Basel/01_ALL_SAMPLES/05_Output/04_SCENICplus_Analysis/04d_Step4_SnakeMake_Prepare/outs/cistromes_direct.h5ad, /mnt/DOSI/EVLAB/BIOINFO/BIOINFO_PROJECT/Lung_Basel/01_ALL_SAMPLES/05_Output/04_SCENICplus_Analysis/04d_Step4_SnakeMake_Prepare/outs/cistromes_extended.h5ad
    jobid: 6
    reason: Missing output files: /mnt/DOSI/EVLAB/BIOINFO/BIOINFO_PROJECT/Lung_Basel/01_ALL_SAMPLES/05_Output/04_SCENICplus_Analysis/04d_Step4_SnakeMake_Prepare/outs/cistromes_direct.h5ad, /mnt/DOSI/EVLAB/BIOINFO/BIOINFO_PROJECT/Lung_Basel/01_ALL_SAMPLES/05_Output/04_SCENICplus_Analysis/04d_Step4_SnakeMake_Prepare/outs/cistromes_extended.h5ad, /mnt/DOSI/EVLAB/BIOINFO/BIOINFO_PROJECT/Lung_Basel/01_ALL_SAMPLES/05_Output/04_SCENICplus_Analysis/04d_Step4_SnakeMake_Prepare/outs/tf_names.txt; Input files updated by another job: /mnt/DOSI/EVLAB/BIOINFO/BIOINFO_PROJECT/Lung_Basel/01_ALL_SAMPLES/05_Output/04_SCENICplus_Analysis/04d_Step4_SnakeMake_Prepare/outs/ctx_results.hdf5, /mnt/DOSI/EVLAB/BIOINFO/BIOINFO_PROJECT/Lung_Basel/01_ALL_SAMPLES/05_Output/04_SCENICplus_Analysis/04d_Step4_SnakeMake_Prepare/outs/ACC_GEX.h5mu, /mnt/DOSI/EVLAB/BIOINFO/BIOINFO_PROJECT/Lung_Basel/01_ALL_SAMPLES/05_Output/04_SCENICplus_Analysis/04d_Step4_SnakeMake_Prepare/outs/dem_results.hdf5
    resources: tmpdir=/tmp

[Tue Sep 24 16:04:15 2024]
Finished job 6.
7 of 14 steps (50%) done
Select jobs to execute...
Execute 1 jobs...

[Tue Sep 24 16:04:15 2024]
localrule tf_to_gene:
    input: /mnt/DOSI/EVLAB/BIOINFO/BIOINFO_PROJECT/Lung_Basel/01_ALL_SAMPLES/05_Output/04_SCENICplus_Analysis/04d_Step4_SnakeMake_Prepare/outs/ACC_GEX.h5mu, /mnt/DOSI/EVLAB/BIOINFO/BIOINFO_PROJECT/Lung_Basel/01_ALL_SAMPLES/05_Output/04_SCENICplus_Analysis/04d_Step4_SnakeMake_Prepare/outs/tf_names.txt
    output: /mnt/DOSI/EVLAB/BIOINFO/BIOINFO_PROJECT/Lung_Basel/01_ALL_SAMPLES/05_Output/04_SCENICplus_Analysis/04d_Step4_SnakeMake_Prepare/outs/tf_to_gene_adj.tsv
    jobid: 5
    reason: Missing output files: /mnt/DOSI/EVLAB/BIOINFO/BIOINFO_PROJECT/Lung_Basel/01_ALL_SAMPLES/05_Output/04_SCENICplus_Analysis/04d_Step4_SnakeMake_Prepare/outs/tf_to_gene_adj.tsv; Input files updated by another job: /mnt/DOSI/EVLAB/BIOINFO/BIOINFO_PROJECT/Lung_Basel/01_ALL_SAMPLES/05_Output/04_SCENICplus_Analysis/04d_Step4_SnakeMake_Prepare/outs/ACC_GEX.h5mu, /mnt/DOSI/EVLAB/BIOINFO/BIOINFO_PROJECT/Lung_Basel/01_ALL_SAMPLES/05_Output/04_SCENICplus_Analysis/04d_Step4_SnakeMake_Prepare/outs/tf_names.txt
    threads: 40
    resources: tmpdir=/tmp

[Tue Sep 24 17:57:01 2024]
Finished job 5.
8 of 14 steps (57%) done
Select jobs to execute...
Execute 1 jobs...

[Tue Sep 24 17:57:02 2024]
localrule eGRN_direct:
    input: /mnt/DOSI/EVLAB/BIOINFO/BIOINFO_PROJECT/Lung_Basel/01_ALL_SAMPLES/05_Output/04_SCENICplus_Analysis/04d_Step4_SnakeMake_Prepare/outs/tf_to_gene_adj.tsv, /mnt/DOSI/EVLAB/BIOINFO/BIOINFO_PROJECT/Lung_Basel/01_ALL_SAMPLES/05_Output/04_SCENICplus_Analysis/04d_Step4_SnakeMake_Prepare/outs/region_to_gene_adj.tsv, /mnt/DOSI/EVLAB/BIOINFO/BIOINFO_PROJECT/Lung_Basel/01_ALL_SAMPLES/05_Output/04_SCENICplus_Analysis/04d_Step4_SnakeMake_Prepare/outs/cistromes_direct.h5ad, /mnt/DOSI/EVLAB/BIOINFO/BIOINFO_PROJECT/Lung_Basel/01_ALL_SAMPLES/05_Output/04_SCENICplus_Analysis/04c_Step3_Creating_custom_cistarget_database/Tumor_NK_1kb_bg_with_mask.regions_vs_motifs.rankings.feather
    output: /mnt/DOSI/EVLAB/BIOINFO/BIOINFO_PROJECT/Lung_Basel/01_ALL_SAMPLES/05_Output/04_SCENICplus_Analysis/04d_Step4_SnakeMake_Prepare/outs/eRegulon_direct.tsv
    jobid: 4
    reason: Missing output files: /mnt/DOSI/EVLAB/BIOINFO/BIOINFO_PROJECT/Lung_Basel/01_ALL_SAMPLES/05_Output/04_SCENICplus_Analysis/04d_Step4_SnakeMake_Prepare/outs/eRegulon_direct.tsv; Input files updated by another job: /mnt/DOSI/EVLAB/BIOINFO/BIOINFO_PROJECT/Lung_Basel/01_ALL_SAMPLES/05_Output/04_SCENICplus_Analysis/04d_Step4_SnakeMake_Prepare/outs/tf_to_gene_adj.tsv, /mnt/DOSI/EVLAB/BIOINFO/BIOINFO_PROJECT/Lung_Basel/01_ALL_SAMPLES/05_Output/04_SCENICplus_Analysis/04d_Step4_SnakeMake_Prepare/outs/cistromes_direct.h5ad, /mnt/DOSI/EVLAB/BIOINFO/BIOINFO_PROJECT/Lung_Basel/01_ALL_SAMPLES/05_Output/04_SCENICplus_Analysis/04d_Step4_SnakeMake_Prepare/outs/region_to_gene_adj.tsv
    threads: 40
    resources: tmpdir=/tmp

[Tue Sep 24 18:03:48 2024]
Finished job 4.
9 of 14 steps (64%) done
Select jobs to execute...
Execute 1 jobs...

[Tue Sep 24 18:03:48 2024]
localrule AUCell_direct:
    input: /mnt/DOSI/EVLAB/BIOINFO/BIOINFO_PROJECT/Lung_Basel/01_ALL_SAMPLES/05_Output/04_SCENICplus_Analysis/04d_Step4_SnakeMake_Prepare/outs/eRegulon_direct.tsv, /mnt/DOSI/EVLAB/BIOINFO/BIOINFO_PROJECT/Lung_Basel/01_ALL_SAMPLES/05_Output/04_SCENICplus_Analysis/04d_Step4_SnakeMake_Prepare/outs/ACC_GEX.h5mu
    output: /mnt/DOSI/EVLAB/BIOINFO/BIOINFO_PROJECT/Lung_Basel/01_ALL_SAMPLES/05_Output/04_SCENICplus_Analysis/04d_Step4_SnakeMake_Prepare/outs/AUCell_direct.h5mu
    jobid: 3
    reason: Missing output files: /mnt/DOSI/EVLAB/BIOINFO/BIOINFO_PROJECT/Lung_Basel/01_ALL_SAMPLES/05_Output/04_SCENICplus_Analysis/04d_Step4_SnakeMake_Prepare/outs/AUCell_direct.h5mu; Input files updated by another job: /mnt/DOSI/EVLAB/BIOINFO/BIOINFO_PROJECT/Lung_Basel/01_ALL_SAMPLES/05_Output/04_SCENICplus_Analysis/04d_Step4_SnakeMake_Prepare/outs/ACC_GEX.h5mu, /mnt/DOSI/EVLAB/BIOINFO/BIOINFO_PROJECT/Lung_Basel/01_ALL_SAMPLES/05_Output/04_SCENICplus_Analysis/04d_Step4_SnakeMake_Prepare/outs/eRegulon_direct.tsv
    threads: 40
    resources: tmpdir=/tmp

[Tue Sep 24 18:34:51 2024]
Finished job 3.
10 of 14 steps (71%) done
Select jobs to execute...
Execute 1 jobs...

[Tue Sep 24 18:34:51 2024]
localrule eGRN_extended:
    input: /mnt/DOSI/EVLAB/BIOINFO/BIOINFO_PROJECT/Lung_Basel/01_ALL_SAMPLES/05_Output/04_SCENICplus_Analysis/04d_Step4_SnakeMake_Prepare/outs/tf_to_gene_adj.tsv, /mnt/DOSI/EVLAB/BIOINFO/BIOINFO_PROJECT/Lung_Basel/01_ALL_SAMPLES/05_Output/04_SCENICplus_Analysis/04d_Step4_SnakeMake_Prepare/outs/region_to_gene_adj.tsv, /mnt/DOSI/EVLAB/BIOINFO/BIOINFO_PROJECT/Lung_Basel/01_ALL_SAMPLES/05_Output/04_SCENICplus_Analysis/04d_Step4_SnakeMake_Prepare/outs/cistromes_extended.h5ad, /mnt/DOSI/EVLAB/BIOINFO/BIOINFO_PROJECT/Lung_Basel/01_ALL_SAMPLES/05_Output/04_SCENICplus_Analysis/04c_Step3_Creating_custom_cistarget_database/Tumor_NK_1kb_bg_with_mask.regions_vs_motifs.rankings.feather
    output: /mnt/DOSI/EVLAB/BIOINFO/BIOINFO_PROJECT/Lung_Basel/01_ALL_SAMPLES/05_Output/04_SCENICplus_Analysis/04d_Step4_SnakeMake_Prepare/outs/eRegulons_extended.tsv
    jobid: 13
    reason: Missing output files: /mnt/DOSI/EVLAB/BIOINFO/BIOINFO_PROJECT/Lung_Basel/01_ALL_SAMPLES/05_Output/04_SCENICplus_Analysis/04d_Step4_SnakeMake_Prepare/outs/eRegulons_extended.tsv; Input files updated by another job: /mnt/DOSI/EVLAB/BIOINFO/BIOINFO_PROJECT/Lung_Basel/01_ALL_SAMPLES/05_Output/04_SCENICplus_Analysis/04d_Step4_SnakeMake_Prepare/outs/tf_to_gene_adj.tsv, /mnt/DOSI/EVLAB/BIOINFO/BIOINFO_PROJECT/Lung_Basel/01_ALL_SAMPLES/05_Output/04_SCENICplus_Analysis/04d_Step4_SnakeMake_Prepare/outs/cistromes_extended.h5ad, /mnt/DOSI/EVLAB/BIOINFO/BIOINFO_PROJECT/Lung_Basel/01_ALL_SAMPLES/05_Output/04_SCENICplus_Analysis/04d_Step4_SnakeMake_Prepare/outs/region_to_gene_adj.tsv
    threads: 40
    resources: tmpdir=/tmp

[Tue Sep 24 18:40:29 2024]
Finished job 13.
11 of 14 steps (79%) done
Select jobs to execute...
Execute 1 jobs...

[Tue Sep 24 18:40:29 2024]
localrule AUCell_extended:
    input: /mnt/DOSI/EVLAB/BIOINFO/BIOINFO_PROJECT/Lung_Basel/01_ALL_SAMPLES/05_Output/04_SCENICplus_Analysis/04d_Step4_SnakeMake_Prepare/outs/eRegulons_extended.tsv, /mnt/DOSI/EVLAB/BIOINFO/BIOINFO_PROJECT/Lung_Basel/01_ALL_SAMPLES/05_Output/04_SCENICplus_Analysis/04d_Step4_SnakeMake_Prepare/outs/ACC_GEX.h5mu
    output: /mnt/DOSI/EVLAB/BIOINFO/BIOINFO_PROJECT/Lung_Basel/01_ALL_SAMPLES/05_Output/04_SCENICplus_Analysis/04d_Step4_SnakeMake_Prepare/outs/AUCell_extended.h5mu
    jobid: 12
    reason: Missing output files: /mnt/DOSI/EVLAB/BIOINFO/BIOINFO_PROJECT/Lung_Basel/01_ALL_SAMPLES/05_Output/04_SCENICplus_Analysis/04d_Step4_SnakeMake_Prepare/outs/AUCell_extended.h5mu; Input files updated by another job: /mnt/DOSI/EVLAB/BIOINFO/BIOINFO_PROJECT/Lung_Basel/01_ALL_SAMPLES/05_Output/04_SCENICplus_Analysis/04d_Step4_SnakeMake_Prepare/outs/ACC_GEX.h5mu, /mnt/DOSI/EVLAB/BIOINFO/BIOINFO_PROJECT/Lung_Basel/01_ALL_SAMPLES/05_Output/04_SCENICplus_Analysis/04d_Step4_SnakeMake_Prepare/outs/eRegulons_extended.tsv
    threads: 40
    resources: tmpdir=/tmp

[Tue Sep 24 19:07:59 2024]
Finished job 12.
12 of 14 steps (86%) done
Select jobs to execute...
Execute 1 jobs...

[Tue Sep 24 19:07:59 2024]
localrule scplus_mudata:
    input: /mnt/DOSI/EVLAB/BIOINFO/BIOINFO_PROJECT/Lung_Basel/01_ALL_SAMPLES/05_Output/04_SCENICplus_Analysis/04d_Step4_SnakeMake_Prepare/outs/ACC_GEX.h5mu, /mnt/DOSI/EVLAB/BIOINFO/BIOINFO_PROJECT/Lung_Basel/01_ALL_SAMPLES/05_Output/04_SCENICplus_Analysis/04d_Step4_SnakeMake_Prepare/outs/AUCell_direct.h5mu, /mnt/DOSI/EVLAB/BIOINFO/BIOINFO_PROJECT/Lung_Basel/01_ALL_SAMPLES/05_Output/04_SCENICplus_Analysis/04d_Step4_SnakeMake_Prepare/outs/AUCell_extended.h5mu, /mnt/DOSI/EVLAB/BIOINFO/BIOINFO_PROJECT/Lung_Basel/01_ALL_SAMPLES/05_Output/04_SCENICplus_Analysis/04d_Step4_SnakeMake_Prepare/outs/eRegulon_direct.tsv, /mnt/DOSI/EVLAB/BIOINFO/BIOINFO_PROJECT/Lung_Basel/01_ALL_SAMPLES/05_Output/04_SCENICplus_Analysis/04d_Step4_SnakeMake_Prepare/outs/eRegulons_extended.tsv
    output: /mnt/DOSI/EVLAB/BIOINFO/BIOINFO_PROJECT/Lung_Basel/01_ALL_SAMPLES/05_Output/04_SCENICplus_Analysis/04d_Step4_SnakeMake_Prepare/outs/scplusmdata.h5mu
    jobid: 1
    reason: Missing output files: /mnt/DOSI/EVLAB/BIOINFO/BIOINFO_PROJECT/Lung_Basel/01_ALL_SAMPLES/05_Output/04_SCENICplus_Analysis/04d_Step4_SnakeMake_Prepare/outs/scplusmdata.h5mu; Input files updated by another job: /mnt/DOSI/EVLAB/BIOINFO/BIOINFO_PROJECT/Lung_Basel/01_ALL_SAMPLES/05_Output/04_SCENICplus_Analysis/04d_Step4_SnakeMake_Prepare/outs/ACC_GEX.h5mu, /mnt/DOSI/EVLAB/BIOINFO/BIOINFO_PROJECT/Lung_Basel/01_ALL_SAMPLES/05_Output/04_SCENICplus_Analysis/04d_Step4_SnakeMake_Prepare/outs/eRegulons_extended.tsv, /mnt/DOSI/EVLAB/BIOINFO/BIOINFO_PROJECT/Lung_Basel/01_ALL_SAMPLES/05_Output/04_SCENICplus_Analysis/04d_Step4_SnakeMake_Prepare/outs/eRegulon_direct.tsv, /mnt/DOSI/EVLAB/BIOINFO/BIOINFO_PROJECT/Lung_Basel/01_ALL_SAMPLES/05_Output/04_SCENICplus_Analysis/04d_Step4_SnakeMake_Prepare/outs/AUCell_extended.h5mu, /mnt/DOSI/EVLAB/BIOINFO/BIOINFO_PROJECT/Lung_Basel/01_ALL_SAMPLES/05_Output/04_SCENICplus_Analysis/04d_Step4_SnakeMake_Prepare/outs/AUCell_direct.h5mu
    resources: tmpdir=/tmp

[Tue Sep 24 19:17:51 2024]
Finished job 1.
13 of 14 steps (93%) done
Select jobs to execute...
Execute 1 jobs...

[Tue Sep 24 19:17:51 2024]
localrule all:
    input: /mnt/DOSI/EVLAB/BIOINFO/BIOINFO_PROJECT/Lung_Basel/01_ALL_SAMPLES/05_Output/04_SCENICplus_Analysis/04d_Step4_SnakeMake_Prepare/outs/scplusmdata.h5mu
    jobid: 0
    reason: Input files updated by another job: /mnt/DOSI/EVLAB/BIOINFO/BIOINFO_PROJECT/Lung_Basel/01_ALL_SAMPLES/05_Output/04_SCENICplus_Analysis/04d_Step4_SnakeMake_Prepare/outs/scplusmdata.h5mu
    resources: tmpdir=/tmp

[Tue Sep 24 19:17:51 2024]
Finished job 0.
14 of 14 steps (100%) done
Complete log: .snakemake/log/2024-09-24T120734.233119.snakemake.log
