Building DAG of jobs...
Using shell: /usr/bin/bash
Provided cores: 40
Rules claiming more threads will be scaled down.
Job stats:
job                            count
---------------------------  -------
AUCell_direct                      1
AUCell_extended                    1
all                                1
download_genome_annotations        1
eGRN_direct                        1
eGRN_extended                      1
get_search_space                   1
motif_enrichment_cistarget         1
motif_enrichment_dem               1
prepare_GEX_ACC_multiome           1
prepare_menr                       1
region_to_gene                     1
scplus_mudata                      1
tf_to_gene                         1
total                             14

Select jobs to execute...
Execute 1 jobs...

[Mon Dec  2 12:34:15 2024]
localrule motif_enrichment_cistarget:
    input: /mnt/DOSI/EVLAB/BIOINFO/BIOINFO_PROJECT/Lung_Basel/01_ALL_SAMPLES/05_Output/08_SCENICplus_Analysis_NK3/04a_fullpy_Step1_py_pycisTopic_Prepro_ATACseq/region_sets, /mnt/DOSI/EVLAB/BIOINFO/BIOINFO_PROJECT/Lung_Basel/01_ALL_SAMPLES/05_Output/08_SCENICplus_Analysis_NK3/04c_Step3_Creating_custom_cistarget_database/Tumor_NK_1kb_bg_with_mask.regions_vs_motifs.rankings.feather, /mnt/DOSI/EVLAB/BIOINFO/BIOINFO_PROJECT/Lung_Basel/01_ALL_SAMPLES/01_Reference/Step4_SnakeMake_Database/motifs-v10nr_clust-nr.hgnc-m0.001-o0.0.tbl
    output: /mnt/DOSI/EVLAB/BIOINFO/BIOINFO_PROJECT/Lung_Basel/01_ALL_SAMPLES/05_Output/08_SCENICplus_Analysis_NK3/04d_Step4_SnakeMake_Prepare/outs/ctx_results.hdf5, /mnt/DOSI/EVLAB/BIOINFO/BIOINFO_PROJECT/Lung_Basel/01_ALL_SAMPLES/05_Output/08_SCENICplus_Analysis_NK3/04d_Step4_SnakeMake_Prepare/outs/ctx_results.html
    jobid: 9
    reason: Missing output files: /mnt/DOSI/EVLAB/BIOINFO/BIOINFO_PROJECT/Lung_Basel/01_ALL_SAMPLES/05_Output/08_SCENICplus_Analysis_NK3/04d_Step4_SnakeMake_Prepare/outs/ctx_results.hdf5
    threads: 40
    resources: tmpdir=/tmp

[Mon Dec  2 12:34:15 2024]
Error in rule motif_enrichment_cistarget:
    jobid: 9
    input: /mnt/DOSI/EVLAB/BIOINFO/BIOINFO_PROJECT/Lung_Basel/01_ALL_SAMPLES/05_Output/08_SCENICplus_Analysis_NK3/04a_fullpy_Step1_py_pycisTopic_Prepro_ATACseq/region_sets, /mnt/DOSI/EVLAB/BIOINFO/BIOINFO_PROJECT/Lung_Basel/01_ALL_SAMPLES/05_Output/08_SCENICplus_Analysis_NK3/04c_Step3_Creating_custom_cistarget_database/Tumor_NK_1kb_bg_with_mask.regions_vs_motifs.rankings.feather, /mnt/DOSI/EVLAB/BIOINFO/BIOINFO_PROJECT/Lung_Basel/01_ALL_SAMPLES/01_Reference/Step4_SnakeMake_Database/motifs-v10nr_clust-nr.hgnc-m0.001-o0.0.tbl
    output: /mnt/DOSI/EVLAB/BIOINFO/BIOINFO_PROJECT/Lung_Basel/01_ALL_SAMPLES/05_Output/08_SCENICplus_Analysis_NK3/04d_Step4_SnakeMake_Prepare/outs/ctx_results.hdf5, /mnt/DOSI/EVLAB/BIOINFO/BIOINFO_PROJECT/Lung_Basel/01_ALL_SAMPLES/05_Output/08_SCENICplus_Analysis_NK3/04d_Step4_SnakeMake_Prepare/outs/ctx_results.html
    shell:
        
            scenicplus grn_inference motif_enrichment_cistarget                 --region_set_folder /mnt/DOSI/EVLAB/BIOINFO/BIOINFO_PROJECT/Lung_Basel/01_ALL_SAMPLES/05_Output/08_SCENICplus_Analysis_NK3/04a_fullpy_Step1_py_pycisTopic_Prepro_ATACseq/region_sets                 --cistarget_db_fname /mnt/DOSI/EVLAB/BIOINFO/BIOINFO_PROJECT/Lung_Basel/01_ALL_SAMPLES/05_Output/08_SCENICplus_Analysis_NK3/04c_Step3_Creating_custom_cistarget_database/Tumor_NK_1kb_bg_with_mask.regions_vs_motifs.rankings.feather                 --output_fname_cistarget_result /mnt/DOSI/EVLAB/BIOINFO/BIOINFO_PROJECT/Lung_Basel/01_ALL_SAMPLES/05_Output/08_SCENICplus_Analysis_NK3/04d_Step4_SnakeMake_Prepare/outs/ctx_results.hdf5                 --temp_dir                  --species homo_sapiens                 --fr_overlap_w_ctx_db 0.4                 --auc_threshold 0.005                 --nes_threshold 3.0                 --rank_threshold 0.05                 --path_to_motif_annotations /mnt/DOSI/EVLAB/BIOINFO/BIOINFO_PROJECT/Lung_Basel/01_ALL_SAMPLES/01_Reference/Step4_SnakeMake_Database/motifs-v10nr_clust-nr.hgnc-m0.001-o0.0.tbl                 --annotation_version v10nr_clust                 --motif_similarity_fdr 0.001                 --orthologous_identity_threshold 0.0                 --annotations_to_use Direct_annot Orthology_annot                 --write_html                 --output_fname_cistarget_html /mnt/DOSI/EVLAB/BIOINFO/BIOINFO_PROJECT/Lung_Basel/01_ALL_SAMPLES/05_Output/08_SCENICplus_Analysis_NK3/04d_Step4_SnakeMake_Prepare/outs/ctx_results.html                 --n_cpu 40
        
        (one of the commands exited with non-zero exit code; note that snakemake uses bash strict mode!)

Shutting down, this might take some time.
Exiting because a job execution failed. Look above for error message
Complete log: .snakemake/log/2024-12-02T123414.125490.snakemake.log
WorkflowError:
At least one job did not complete successfully.
